<?xml version="1.0" encoding="UTF-8"?>
<!-- Generated by org.testng.reporters.JUnitReportReporter -->
<testsuite hostname="TKonstantinov" name="test.NewTest" tests="1" failures="0" timestamp="4 Oct 2013 13:08:01 GMT" time="5.927" errors="0">
  <testcase name="testGoogle" time="5.927" classname="test.NewTest"/>
</testsuite> <!-- test.NewTest -->
