<?xml version="1.0" encoding="UTF-8"?>
<!-- Generated by org.testng.reporters.JUnitReportReporter -->
<testsuite hostname="TKonstantinov" name="test.test.pagesTest" tests="6" failures="0" timestamp="31 Oct 2013 09:26:36 GMT" time="21.504" errors="0">
  <testcase name="main5" time="0.001" classname="test.test.pagesTest"/>
  <testcase name="main6" time="0.001" classname="test.test.pagesTest"/>
  <testcase name="main8" time="0.001" classname="test.test.pagesTest"/>
  <testcase name="main" time="21.499" classname="test.test.pagesTest"/>
  <testcase name="main7" time="0.001" classname="test.test.pagesTest"/>
  <testcase name="main4" time="0.001" classname="test.test.pagesTest"/>
</testsuite> <!-- test.test.pagesTest -->
