<?xml version="1.0" encoding="UTF-8"?>
<!-- Generated by org.testng.reporters.JUnitReportReporter -->
<testsuite hostname="TKonstantinov" name="test.test.rrrTest" tests="6" failures="0" timestamp="28 Oct 2013 12:43:28 GMT" time="16.138" errors="0">
  <testcase name="main5" time="0.000" classname="test.test.rrrTest"/>
  <testcase name="main8" time="0.000" classname="test.test.rrrTest"/>
  <testcase name="main6" time="0.000" classname="test.test.rrrTest"/>
  <testcase name="main7" time="0.000" classname="test.test.rrrTest"/>
  <testcase name="main4" time="0.002" classname="test.test.rrrTest"/>
  <testcase name="main" time="16.136" classname="test.test.rrrTest"/>
</testsuite> <!-- test.test.rrrTest -->
