<?xml version="1.0" encoding="UTF-8"?>
<!-- Generated by org.testng.reporters.JUnitReportReporter -->
<testsuite hostname="TKonstantinov" name="test.NewTestNg" tests="1" failures="0" timestamp="4 Oct 2013 13:21:26 GMT" time="6.590" errors="0">
  <testcase name="testGoogle" time="6.590" classname="test.NewTestNg"/>
</testsuite> <!-- test.NewTestNg -->
