<?xml version="1.0" encoding="UTF-8"?>
<!-- Generated by org.testng.reporters.JUnitReportReporter -->
<testsuite hostname="TKonstantinov" name="test.TestGeolotto" tests="1" failures="0" timestamp="11 Oct 2013 09:02:34 GMT" time="15.567" errors="0">
  <testcase name="registerUserTest" time="15.567" classname="test.TestGeolotto"/>
</testsuite> <!-- test.TestGeolotto -->
