<?xml version="1.0" encoding="UTF-8"?>
<!-- Generated by org.testng.reporters.JUnitReportReporter -->
<testsuite hostname="TKonstantinov" name="test.test.rrrTest" tests="1" failures="0" timestamp="15 Oct 2013 12:46:29 GMT" time="6,955" errors="0">
  <testcase name="main" time="6,955" classname="test.test.rrrTest"/>
</testsuite>
