<?xml version="1.0" encoding="UTF-8"?>
<!-- Generated by org.testng.reporters.JUnitReportReporter -->
<testsuite hostname="TKonstantinov" name="test.test.rrrTest" tests="6" failures="0" timestamp="24 Oct 2013 08:58:24 GMT" time="11.157" errors="0">
  <testcase name="main" time="11.148" classname="test.test.rrrTest"/>
  <testcase name="main4" time="0.006" classname="test.test.rrrTest"/>
  <testcase name="main5" time="0.001" classname="test.test.rrrTest"/>
  <testcase name="main8" time="0.000" classname="test.test.rrrTest"/>
  <testcase name="main7" time="0.001" classname="test.test.rrrTest"/>
  <testcase name="main6" time="0.001" classname="test.test.rrrTest"/>
</testsuite> <!-- test.test.rrrTest -->
