<?xml version="1.0" encoding="UTF-8"?>
<!-- Generated by org.testng.reporters.JUnitReportReporter -->
<testsuite hostname="TKonstantinov" name="test.test.rrrTest" tests="6" failures="0" timestamp="17 Oct 2013 08:04:39 GMT" time="7.127" errors="0">
  <testcase name="main6" time="0.000" classname="test.test.rrrTest"/>
  <testcase name="main" time="7.127" classname="test.test.rrrTest"/>
  <testcase name="main8" time="0.000" classname="test.test.rrrTest"/>
  <testcase name="main4" time="0.000" classname="test.test.rrrTest"/>
  <testcase name="main5" time="0.000" classname="test.test.rrrTest"/>
  <testcase name="main7" time="0.000" classname="test.test.rrrTest"/>
</testsuite> <!-- test.test.rrrTest -->
