<?xml version="1.0" encoding="UTF-8"?>
<!-- Generated by org.testng.reporters.JUnitReportReporter -->
<testsuite hostname="TKonstantinov" name="test.test.TestGeolotto" tests="1" failures="0" timestamp="15 Oct 2013 13:21:50 GMT" time="13.893" errors="0">
  <testcase name="registerUserTest" time="13.893" classname="test.test.TestGeolotto"/>
</testsuite>
