<?xml version="1.0" encoding="UTF-8"?>
<!-- Generated by org.testng.reporters.JUnitReportReporter -->
<testsuite hostname="TKonstantinov" name="test.test.rrrTest" tests="1" failures="0" timestamp="15 Oct 2013 13:28:57 GMT" time="13,611" errors="0">
  <testcase name="main" time="13,611" classname="test.test.rrrTest"/>
</testsuite>
