<?xml version="1.0" encoding="UTF-8"?>
<!-- Generated by org.testng.reporters.JUnitReportReporter -->
<testsuite hostname="TKonstantinov" name="test.test.rrrTest" tests="1" failures="0" timestamp="14 Oct 2013 14:53:48 GMT" time="10,005" errors="0">
  <testcase name="main" time="10,005" classname="test.test.rrrTest"/>
</testsuite>
