<?xml version="1.0" encoding="UTF-8"?>
<!-- Generated by org.testng.reporters.JUnitReportReporter -->
<testsuite hostname="TKonstantinov" name="test.test.TestGeolotto" tests="1" failures="0" timestamp="15 Oct 2013 13:15:37 GMT" time="15.143" errors="0">
  <testcase name="registerUserTest" time="15.143" classname="test.test.TestGeolotto"/>
</testsuite>
